C51 COMPILER V9.54   DELAY                                                                 07/16/2022 18:12:11 PAGE 1   


C51 COMPILER V9.54, COMPILATION OF MODULE DELAY
OBJECT MODULE PLACED IN ..\Obj\delay.obj
COMPILER INVOKED BY: D:\keil 5 - C51\C51\BIN\C51.EXE ..\FWLib\delay.c OPTIMIZE(8,SPEED) BROWSE INCDIR(..\FWLib;..\User;.
                    -.\System\MyTime;..\Hardware\LED;..\Hardware\SGM;..\Hardware\DHT11) DEBUG OBJECTEXTEND PRINT(.\Listings\delay.lst) OBJECT
                    -(..\Obj\delay.obj)

line level    source

   1          
   2          /*---------------------------------------------------------------------*/
   3          /* --- STC MCU International Limited ----------------------------------*/
   4          /* --- STC 1T Series MCU Demo Programme -------------------------------*/
   5          /* --- Mobile: (86)13922805190 ----------------------------------------*/
   6          /* --- Fax: 86-0513-55012956,55012947,55012969 ------------------------*/
   7          /* --- Tel: 86-0513-55012928,55012929,55012966 ------------------------*/
   8          /* --- Web: www.GXWMCU.com --------------------------------------------*/
   9          /* --- QQ:  800003751 -------------------------------------------------*/
  10          /* 如果要在程序中使用此代码,请在程序中注明使用了宏晶科技的资料及程序   */
  11          /*---------------------------------------------------------------------*/
  12          
  13          
  14          /*************  功能说明        **************
  15          
  16          本文件为STC15xxx系列的延时程序,用户几乎可以不修改这个程序.
  17          
  18          ******************************************/
  19          
  20          #include        "delay.h"
  21          
  22          
  23          
  24          //========================================================================
  25          // 函数: void  delay_ms(unsigned char ms)
  26          // 描述: 延时函数。
  27          // 参数: ms,要延时的ms数, 这里只支持1~255ms. 自动适应主时钟.
  28          // 返回: none.
  29          // 版本: VER1.0
  30          // 日期: 2013-4-1
  31          // 备注: 
  32          //========================================================================
  33          void Delay10us(void)            //@22.1184MHz
  34          {
  35   1              unsigned char i;
  36   1      
  37   1              _nop_();
  38   1              _nop_();
  39   1              _nop_();
  40   1              i = 52;
  41   1              while (--i);
  42   1      }
  43          
  44          void Delay500us(void)           //@22.1184MHz
  45          {
  46   1              unsigned char i, j;
  47   1      
  48   1              _nop_();
  49   1              _nop_();
  50   1              _nop_();
  51   1              i = 11;
  52   1              j = 190;
  53   1              do
C51 COMPILER V9.54   DELAY                                                                 07/16/2022 18:12:11 PAGE 2   

  54   1              {
  55   2                      while (--j);
  56   2              } while (--i);
  57   1      }
  58          
  59          void Delay600us(void)           //@22.1184MHz
  60          {
  61   1              unsigned char i, j;
  62   1      
  63   1              _nop_();
  64   1              _nop_();
  65   1              _nop_();
  66   1              i = 13;
  67   1              j = 229;
  68   1              do
  69   1              {
  70   2                      while (--j);
  71   2              } while (--i);
  72   1      }
  73          
  74          void delay_ms(u16 ms)  // 自适应ms级延时
  75          {
  76   1           unsigned int i;
  77   1               do{
  78   2                    i = MAIN_Fosc / 13000;
  79   2                        while(--i)    ;   //14T per loop
  80   2           }while(--ms);
  81   1      }


MODULE INFORMATION:   STATIC OVERLAYABLE
   CODE SIZE        =     55    ----
   CONSTANT SIZE    =   ----    ----
   XDATA SIZE       =   ----    ----
   PDATA SIZE       =   ----    ----
   DATA SIZE        =   ----    ----
   IDATA SIZE       =   ----    ----
   BIT SIZE         =   ----    ----
END OF MODULE INFORMATION.


C51 COMPILATION COMPLETE.  0 WARNING(S),  0 ERROR(S)
