C51 COMPILER V9.54   MYTIME                                                                07/16/2022 18:12:11 PAGE 1   


C51 COMPILER V9.54, COMPILATION OF MODULE MYTIME
OBJECT MODULE PLACED IN ..\Obj\MyTime.obj
COMPILER INVOKED BY: D:\keil 5 - C51\C51\BIN\C51.EXE ..\System\MyTime\MyTime.c OPTIMIZE(8,SPEED) BROWSE INCDIR(..\FWLib;
                    -..\User;..\System\MyTime;..\Hardware\LED;..\Hardware\SGM;..\Hardware\DHT11) DEBUG OBJECTEXTEND PRINT(.\Listings\MyTime.l
                    -st) OBJECT(..\Obj\MyTime.obj)

line level    source

   1          #include "MyTime.h"
   2          #include "config.h"
   3          #include "timer.h"
   4          
   5          #include "DHT11.h"
   6          
   7          static void MyTimer0_Init(void)
   8          {
   9   1              TIM_InitTypeDef TIM_InitStructure;
  10   1              
  11   1              TIM_InitStructure.TIM_Mode              = TIM_16BitAutoReload;  // 16位自动重装
  12   1              TIM_InitStructure.TIM_Polity    = PolityLow;                    // 低中断优先级
  13   1              TIM_InitStructure.TIM_Interrupt = ENABLE;                               // 允许中断
  14   1              TIM_InitStructure.TIM_ClkSource = TIM_CLOCK_1T;                 // 指定时钟源
  15   1              TIM_InitStructure.TIM_ClkOut    = DISABLE;                              // 不输出高速脉冲
  16   1              TIM_InitStructure.TIM_Value             = 65536UL - (MAIN_Fosc / My_Timer_Int_Times);   // 初值
  17   1              TIM_InitStructure.TIM_Run               = ENABLE;                               // 开始运行
  18   1              Timer_Inilize(My_Timer, &TIM_InitStructure);
  19   1      }
  20          
  21          void MyTimer_Init(void)
  22          {
  23   1              MyTimer0_Init();
  24   1      }
  25          
  26          /********************* Timer0中断函数************************/
  27          void timer0_int (void) interrupt TIMER0_VECTOR
  28          {
  29   1              static u16 i = 0;
  30   1              
  31   1              i++;
  32   1              if(i>=My_Timer_Int_Times*10)  // 每10秒读取一次数据
  33   1              {
  34   2                      i = 0;
  35   2                      Read_DHT11_Error = DataOld_Error;  // 标志数据过旧，需要更新
  36   2              }
  37   1      }


MODULE INFORMATION:   STATIC OVERLAYABLE
   CODE SIZE        =     68    ----
   CONSTANT SIZE    =   ----    ----
   XDATA SIZE       =   ----    ----
   PDATA SIZE       =   ----    ----
   DATA SIZE        =      2       8
   IDATA SIZE       =   ----    ----
   BIT SIZE         =   ----    ----
END OF MODULE INFORMATION.


C51 COMPILATION COMPLETE.  0 WARNING(S),  0 ERROR(S)
